<?xml version="1.0" encoding="UTF-8"?>
<!-- Generated by org.testng.reporters.JUnitXMLReporter -->
<testsuite ignored="0" hostname="ITT-ANILKUMAR" failures="1" tests="1" name="EdgeTest" time="121.836" errors="0" timestamp="2026-07-06T19:25:37 IST">
  <testcase classname="testBase.BaseClasstest" name="@AfterClass tearDown" time="0.001">
    <failure type="org.openqa.selenium.remote.UnreachableBrowserException" message="Error communicating with the remote browser. It may have died.
Build info: version: &amp;apos;4.45.0&amp;apos;, revision: &amp;apos;cd6a3cd cd6a3cdfca6970f62e5bc8344109d0fe0e2af05e&amp;apos;
System info: os.name: &amp;apos;Windows 11&amp;apos;, os.arch: &amp;apos;amd64&amp;apos;, os.version: &amp;apos;10.0&amp;apos;, java.version: &amp;apos;21.0.8&amp;apos;
Driver info: org.openqa.selenium.firefox.FirefoxDriver
Command: [29f366f2-b7dd-4d3a-a1fa-b24e94727570, quit []]
Capabilities {acceptInsecureCerts: true, browserName: firefox, browserVersion: 150.0.2, moz:accessibilityChecks: false, moz:buildID: 20260506140522, moz:geckodriverVersion: 0.37.0, moz:headless: false, moz:platformVersion: 10.0, moz:processID: 37408, moz:profile: C:\Users\ANILK~1.J\AppData\..., moz:shutdownTimeout: 60000, moz:webdriverClick: true, moz:windowless: false, pageLoadStrategy: normal, platformName: windows, proxy: Proxy(), setWindowRect: true, strictFileInteractability: false, timeouts: {implicit: 0, pageLoad: 300000, script: 30000}, unhandledPromptBehavior: dismiss and notify, userAgent: Mozilla/5.0 (Windows NT 10....}">
      <![CDATA[org.openqa.selenium.remote.UnreachableBrowserException: Error communicating with the remote browser. It may have died.
Build info: version: '4.45.0', revision: 'cd6a3cd cd6a3cdfca6970f62e5bc8344109d0fe0e2af05e'
System info: os.name: 'Windows 11', os.arch: 'amd64', os.version: '10.0', java.version: '21.0.8'
Driver info: org.openqa.selenium.firefox.FirefoxDriver
Command: [29f366f2-b7dd-4d3a-a1fa-b24e94727570, quit []]
Capabilities {acceptInsecureCerts: true, browserName: firefox, browserVersion: 150.0.2, moz:accessibilityChecks: false, moz:buildID: 20260506140522, moz:geckodriverVersion: 0.37.0, moz:headless: false, moz:platformVersion: 10.0, moz:processID: 37408, moz:profile: C:\Users\ANILK~1.J\AppData\..., moz:shutdownTimeout: 60000, moz:webdriverClick: true, moz:windowless: false, pageLoadStrategy: normal, platformName: windows, proxy: Proxy(), setWindowRect: true, strictFileInteractability: false, timeouts: {implicit: 0, pageLoad: 300000, script: 30000}, unhandledPromptBehavior: dismiss and notify, userAgent: Mozilla/5.0 (Windows NT 10....}
at org.openqa.selenium.remote.RemoteWebDriver.execute(RemoteWebDriver.java:611)
at org.openqa.selenium.remote.RemoteWebDriver.execute(RemoteWebDriver.java:657)
at org.openqa.selenium.remote.RemoteWebDriver.execute(RemoteWebDriver.java:661)
at org.openqa.selenium.remote.RemoteWebDriver.quit(RemoteWebDriver.java:474)
at org.openqa.selenium.firefox.FirefoxDriver.quit(FirefoxDriver.java:278)
at testBase.BaseClasstest.tearDown(BaseClasstest.java:45)
at java.base/java.util.ArrayList.forEach(ArrayList.java:1596)
at java.base/java.util.concurrent.FutureTask.run(FutureTask.java:317)
at java.base/java.util.concurrent.ThreadPoolExecutor.runWorker(ThreadPoolExecutor.java:1144)
at java.base/java.util.concurrent.ThreadPoolExecutor$Worker.run(ThreadPoolExecutor.java:642)
at java.base/java.lang.Thread.run(Thread.java:1583)
Caused by: java.util.concurrent.RejectedExecutionException: Task java.util.concurrent.CompletableFuture$AsyncSupply@2bb33bac rejected from java.util.concurrent.ThreadPoolExecutor@487dfecd[Terminated, pool size = 0, active threads = 0, queued tasks = 0, completed tasks = 4]
at java.base/java.util.concurrent.ThreadPoolExecutor$AbortPolicy.rejectedExecution(ThreadPoolExecutor.java:2081)
at java.base/java.util.concurrent.ThreadPoolExecutor.reject(ThreadPoolExecutor.java:841)
at java.base/java.util.concurrent.ThreadPoolExecutor.execute(ThreadPoolExecutor.java:1376)
at java.base/java.util.concurrent.CompletableFuture.asyncSupplyStage(CompletableFuture.java:1782)
at java.base/java.util.concurrent.CompletableFuture.supplyAsync(CompletableFuture.java:2005)
at org.openqa.selenium.remote.service.DriverCommandExecutor.execute(DriverCommandExecutor.java:124)
at org.openqa.selenium.remote.RemoteWebDriver.execute(RemoteWebDriver.java:575)
... 24 more
... Removed 14 stack frames]]>
    </failure>
  </testcase> <!-- @AfterClass tearDown -->
  <testcase classname="testCases.AccountRegTest" name="verify_AccountRegTest" time="104.914">
    <failure type="java.lang.AssertionError" message="Test Failed due to exception: Unable to locate element: //h2[normalize-space()=&amp;apos;New User Signup!&amp;apos;]
For documentation on this error, please visit: https://www.selenium.dev/documentation/webdriver/troubleshooting/errors#nosuchelementexception
Build info: version: &amp;apos;4.45.0&amp;apos;, revision: &amp;apos;cd6a3cd cd6a3cdfca6970f62e5bc8344109d0fe0e2af05e&amp;apos;
System info: os.name: &amp;apos;Windows 11&amp;apos;, os.arch: &amp;apos;amd64&amp;apos;, os.version: &amp;apos;10.0&amp;apos;, java.version: &amp;apos;21.0.8&amp;apos;
Driver info: org.openqa.selenium.firefox.FirefoxDriver
Command: [29f366f2-b7dd-4d3a-a1fa-b24e94727570, findElement {value=//h2[normalize-space()=&amp;apos;New User Signup!&amp;apos;], using=xpath}]
Capabilities {acceptInsecureCerts: true, browserName: firefox, browserVersion: 150.0.2, moz:accessibilityChecks: false, moz:buildID: 20260506140522, moz:geckodriverVersion: 0.37.0, moz:headless: false, moz:platformVersion: 10.0, moz:processID: 37408, moz:profile: C:\Users\ANILK~1.J\AppData\..., moz:shutdownTimeout: 60000, moz:webdriverClick: true, moz:windowless: false, pageLoadStrategy: normal, platformName: windows, proxy: Proxy(), setWindowRect: true, strictFileInteractability: false, timeouts: {implicit: 0, pageLoad: 300000, script: 30000}, unhandledPromptBehavior: dismiss and notify, userAgent: Mozilla/5.0 (Windows NT 10....}
Session ID: 29f366f2-b7dd-4d3a-a1fa-b24e94727570">
      <![CDATA[java.lang.AssertionError: Test Failed due to exception: Unable to locate element: //h2[normalize-space()='New User Signup!']
For documentation on this error, please visit: https://www.selenium.dev/documentation/webdriver/troubleshooting/errors#nosuchelementexception
Build info: version: '4.45.0', revision: 'cd6a3cd cd6a3cdfca6970f62e5bc8344109d0fe0e2af05e'
System info: os.name: 'Windows 11', os.arch: 'amd64', os.version: '10.0', java.version: '21.0.8'
Driver info: org.openqa.selenium.firefox.FirefoxDriver
Command: [29f366f2-b7dd-4d3a-a1fa-b24e94727570, findElement {value=//h2[normalize-space()='New User Signup!'], using=xpath}]
Capabilities {acceptInsecureCerts: true, browserName: firefox, browserVersion: 150.0.2, moz:accessibilityChecks: false, moz:buildID: 20260506140522, moz:geckodriverVersion: 0.37.0, moz:headless: false, moz:platformVersion: 10.0, moz:processID: 37408, moz:profile: C:\Users\ANILK~1.J\AppData\..., moz:shutdownTimeout: 60000, moz:webdriverClick: true, moz:windowless: false, pageLoadStrategy: normal, platformName: windows, proxy: Proxy(), setWindowRect: true, strictFileInteractability: false, timeouts: {implicit: 0, pageLoad: 300000, script: 30000}, unhandledPromptBehavior: dismiss and notify, userAgent: Mozilla/5.0 (Windows NT 10....}
Session ID: 29f366f2-b7dd-4d3a-a1fa-b24e94727570
at testCases.AccountRegTest.verify_AccountRegTest(AccountRegTest.java:86)
at java.base/java.util.ArrayList.forEach(ArrayList.java:1596)
at java.base/java.util.concurrent.FutureTask.run(FutureTask.java:317)
at java.base/java.util.concurrent.ThreadPoolExecutor.runWorker(ThreadPoolExecutor.java:1144)
at java.base/java.util.concurrent.ThreadPoolExecutor$Worker.run(ThreadPoolExecutor.java:642)
at java.base/java.lang.Thread.run(Thread.java:1583)
... Removed 16 stack frames]]>
    </failure>
  </testcase> <!-- verify_AccountRegTest -->
</testsuite> <!-- EdgeTest -->
