<?xml version="1.0" encoding="UTF-8"?>
<!-- Generated by org.testng.reporters.JUnitXMLReporter -->
<testsuite ignored="0" hostname="ITT-ANILKUMAR" failures="1" tests="1" name="Test(failed)" time="71.892" errors="0" timestamp="2026-07-03T17:00:26 IST">
  <testcase classname="testCases.AccountRegTest" name="verify_AccountRegTest" time="65.984">
    <failure type="java.lang.AssertionError" message="Test Failed due to exception: no such element: Unable to locate element: {&amp;quot;method&amp;quot;:&amp;quot;xpath&amp;quot;,&amp;quot;selector&amp;quot;:&amp;quot;//b[normalize-space()=&amp;apos;Account Deleted!&amp;apos;]&amp;quot;}
  (Session info: chrome=149.0.7827.115)
For documentation on this error, please visit: https://www.selenium.dev/documentation/webdriver/troubleshooting/errors#nosuchelementexception
Build info: version: &amp;apos;4.45.0&amp;apos;, revision: &amp;apos;cd6a3cd cd6a3cdfca6970f62e5bc8344109d0fe0e2af05e&amp;apos;
System info: os.name: &amp;apos;Windows 11&amp;apos;, os.arch: &amp;apos;amd64&amp;apos;, os.version: &amp;apos;10.0&amp;apos;, java.version: &amp;apos;21.0.8&amp;apos;
Driver info: org.openqa.selenium.chrome.ChromeDriver
Command: [c9268392201b7d3a5a1e6d9fe61b7059, findElement {value=//b[normalize-space()=&amp;apos;Account Deleted!&amp;apos;], using=xpath}]
Capabilities {acceptInsecureCerts: false, browserName: chrome, browserVersion: 149.0.7827.115, chrome: {chromedriverVersion: 149.0.7827.155 (07b52360cc1..., userDataDir: C:\Users\ANILK~1.J\AppData\...}, fedcm:accounts: true, goog:chromeOptions: {debuggerAddress: localhost:62092}, goog:processID: 42976, networkConnectionEnabled: false, pageLoadStrategy: normal, platformName: windows, proxy: Proxy(), se:cdp: ws://localhost:62092/devtoo..., se:cdpVersion: 149.0.7827.115, setWindowRect: true, strictFileInteractability: false, timeouts: {implicit: 0, pageLoad: 300000, script: 30000}, unhandledPromptBehavior: dismiss and notify, webauthn:extension:credBlob: true, webauthn:extension:largeBlob: true, webauthn:extension:minPinLength: true, webauthn:extension:prf: true, webauthn:virtualAuthenticators: true}
Session ID: c9268392201b7d3a5a1e6d9fe61b7059">
      <![CDATA[java.lang.AssertionError: Test Failed due to exception: no such element: Unable to locate element: {"method":"xpath","selector":"//b[normalize-space()='Account Deleted!']"}
  (Session info: chrome=149.0.7827.115)
For documentation on this error, please visit: https://www.selenium.dev/documentation/webdriver/troubleshooting/errors#nosuchelementexception
Build info: version: '4.45.0', revision: 'cd6a3cd cd6a3cdfca6970f62e5bc8344109d0fe0e2af05e'
System info: os.name: 'Windows 11', os.arch: 'amd64', os.version: '10.0', java.version: '21.0.8'
Driver info: org.openqa.selenium.chrome.ChromeDriver
Command: [c9268392201b7d3a5a1e6d9fe61b7059, findElement {value=//b[normalize-space()='Account Deleted!'], using=xpath}]
Capabilities {acceptInsecureCerts: false, browserName: chrome, browserVersion: 149.0.7827.115, chrome: {chromedriverVersion: 149.0.7827.155 (07b52360cc1..., userDataDir: C:\Users\ANILK~1.J\AppData\...}, fedcm:accounts: true, goog:chromeOptions: {debuggerAddress: localhost:62092}, goog:processID: 42976, networkConnectionEnabled: false, pageLoadStrategy: normal, platformName: windows, proxy: Proxy(), se:cdp: ws://localhost:62092/devtoo..., se:cdpVersion: 149.0.7827.115, setWindowRect: true, strictFileInteractability: false, timeouts: {implicit: 0, pageLoad: 300000, script: 30000}, unhandledPromptBehavior: dismiss and notify, webauthn:extension:credBlob: true, webauthn:extension:largeBlob: true, webauthn:extension:minPinLength: true, webauthn:extension:prf: true, webauthn:virtualAuthenticators: true}
Session ID: c9268392201b7d3a5a1e6d9fe61b7059
at testCases.AccountRegTest.verify_AccountRegTest(AccountRegTest.java:75)
at java.base/java.util.ArrayList.forEach(ArrayList.java:1596)
... Removed 26 stack frames]]>
    </failure>
  </testcase> <!-- verify_AccountRegTest -->
</testsuite> <!-- Test(failed) -->
