<?xml version="1.0" encoding="UTF-8"?>
<testng-results ignored="0" total="1" passed="1" failed="0" skipped="0">
  <reporter-output>
  </reporter-output>
  <suite started-at="2026-07-03T17:11:03 IST" name="Failed suite [Failed suite [MasterSuite]]" finished-at="2026-07-03T17:11:53 IST" duration-ms="50103">
    <groups>
    </groups>
    <test started-at="2026-07-03T17:11:03 IST" name="Test(failed)(failed)" finished-at="2026-07-03T17:11:53 IST" duration-ms="50103">
      <class name="testCases.AccountRegTest">
        <test-method is-config="true" signature="setup(java.lang.String,java.lang.String)[pri:0, instance:testCases.AccountRegTest@26adfd2d]" started-at="2026-07-03T17:11:03 IST" name="setup" finished-at="2026-07-03T17:11:08 IST" duration-ms="4696" status="PASS">
          <params>
            <param index="0">
              <value>
                <![CDATA[windows]]>
              </value>
            </param>
            <param index="1">
              <value>
                <![CDATA[chrome]]>
              </value>
            </param>
          </params>
          <reporter-output>
          </reporter-output>
        </test-method> <!-- setup -->
        <test-method signature="verify_AccountRegTest()[pri:0, instance:testCases.AccountRegTest@26adfd2d]" started-at="2026-07-03T17:11:08 IST" name="verify_AccountRegTest" finished-at="2026-07-03T17:11:53 IST" duration-ms="44962" status="PASS">
          <reporter-output>
          </reporter-output>
        </test-method> <!-- verify_AccountRegTest -->
        <test-method is-config="true" signature="tearDown()[pri:0, instance:testCases.AccountRegTest@26adfd2d]" started-at="2026-07-03T17:11:53 IST" name="tearDown" finished-at="2026-07-03T17:11:53 IST" duration-ms="412" status="PASS">
          <reporter-output>
          </reporter-output>
        </test-method> <!-- tearDown -->
      </class> <!-- testCases.AccountRegTest -->
    </test> <!-- Test(failed)(failed) -->
  </suite> <!-- Failed suite [Failed suite [MasterSuite]] -->
</testng-results>
